{"/Users/aritraaritra/Documents/Projects/Nugatorius/Crummy-Cookbook-UI/src/Components/Utils/Header/Header.style.js": {"path":"/Users/aritraaritra/Documents/Projects/Nugatorius/Crummy-Cookbook-UI/src/Components/Utils/Header/Header.style.js","statementMap":{"0":{"start":{"line":1,"column":15},"end":{"line":18,"column":1}}},"fnMap":{},"branchMap":{},"s":{"0":1},"f":{},"b":{},"_coverageSchema":"332fd63041d2c1bcb487cc26dd0d5f7d97098a6c","hash":"ec8238326c8d0fb818490e1a3f880c60c363db43"}
,"/Users/aritraaritra/Documents/Projects/Nugatorius/Crummy-Cookbook-UI/src/Components/Utils/Header/index.js": {"path":"/Users/aritraaritra/Documents/Projects/Nugatorius/Crummy-Cookbook-UI/src/Components/Utils/Header/index.js","statementMap":{"0":{"start":{"line":7,"column":15},"end":{"line":14,"column":1}},"1":{"start":{"line":8,"column":35},"end":{"line":8,"column":47}},"2":{"start":{"line":9,"column":2},"end":{"line":13,"column":4}},"3":{"start":{"line":16,"column":0},"end":{"line":18,"column":2}}},"fnMap":{"0":{"name":"(anonymous_0)","decl":{"start":{"line":7,"column":15},"end":{"line":7,"column":16}},"loc":{"start":{"line":7,"column":26},"end":{"line":14,"column":1}},"line":7}},"branchMap":{},"s":{"0":1,"1":2,"2":2,"3":1},"f":{"0":2},"b":{},"_coverageSchema":"332fd63041d2c1bcb487cc26dd0d5f7d97098a6c","hash":"ae470c66117579c22a58d72b60790eb3426517b2"}
}
